Determining if the pthread_create exist failed with the following output:
Change Dir: /home/xunto/Programming/freeminer/km-freeminer/__build/CMakeFiles/CMakeTmp

Run Build Command:"/usr/bin/make" "cmTC_904f3/fast"
/usr/bin/make -f CMakeFiles/cmTC_904f3.dir/build.make CMakeFiles/cmTC_904f3.dir/build
make[1]: Entering directory '/home/xunto/Programming/freeminer/km-freeminer/__build/CMakeFiles/CMakeTmp'
Building C object CMakeFiles/cmTC_904f3.dir/CheckSymbolExists.c.o
/usr/bin/cc     -o CMakeFiles/cmTC_904f3.dir/CheckSymbolExists.c.o   -c /home/xunto/Programming/freeminer/km-freeminer/__build/CMakeFiles/CMakeTmp/CheckSymbolExists.c
Linking C executable cmTC_904f3
/usr/bin/cmake -E cmake_link_script CMakeFiles/cmTC_904f3.dir/link.txt --verbose=1
/usr/bin/cc       CMakeFiles/cmTC_904f3.dir/CheckSymbolExists.c.o  -o cmTC_904f3 -rdynamic -lstdc++ 
CMakeFiles/cmTC_904f3.dir/CheckSymbolExists.c.o: In function `main':
CheckSymbolExists.c:(.text+0x16): undefined reference to `pthread_create'
collect2: error: ld returned 1 exit status
CMakeFiles/cmTC_904f3.dir/build.make:97: recipe for target 'cmTC_904f3' failed
make[1]: *** [cmTC_904f3] Error 1
make[1]: Leaving directory '/home/xunto/Programming/freeminer/km-freeminer/__build/CMakeFiles/CMakeTmp'
Makefile:126: recipe for target 'cmTC_904f3/fast' failed
make: *** [cmTC_904f3/fast] Error 2

File /home/xunto/Programming/freeminer/km-freeminer/__build/CMakeFiles/CMakeTmp/CheckSymbolExists.c:
/* */
#include <pthread.h>

int main(int argc, char** argv)
{
  (void)argv;
#ifndef pthread_create
  return ((int*)(&pthread_create))[argc];
#else
  (void)argc;
  return 0;
#endif
}

Determining if the function pthread_create exists in the pthreads failed with the following output:
Change Dir: /home/xunto/Programming/freeminer/km-freeminer/__build/CMakeFiles/CMakeTmp

Run Build Command:"/usr/bin/make" "cmTC_d12c0/fast"
/usr/bin/make -f CMakeFiles/cmTC_d12c0.dir/build.make CMakeFiles/cmTC_d12c0.dir/build
make[1]: Entering directory '/home/xunto/Programming/freeminer/km-freeminer/__build/CMakeFiles/CMakeTmp'
Building C object CMakeFiles/cmTC_d12c0.dir/CheckFunctionExists.c.o
/usr/bin/cc    -DCHECK_FUNCTION_EXISTS=pthread_create   -o CMakeFiles/cmTC_d12c0.dir/CheckFunctionExists.c.o   -c /usr/share/cmake-3.5/Modules/CheckFunctionExists.c
Linking C executable cmTC_d12c0
/usr/bin/cmake -E cmake_link_script CMakeFiles/cmTC_d12c0.dir/link.txt --verbose=1
/usr/bin/cc   -DCHECK_FUNCTION_EXISTS=pthread_create    CMakeFiles/cmTC_d12c0.dir/CheckFunctionExists.c.o  -o cmTC_d12c0 -rdynamic -lpthreads -lstdc++ 
/usr/bin/ld: cannot find -lpthreads
collect2: error: ld returned 1 exit status
CMakeFiles/cmTC_d12c0.dir/build.make:97: recipe for target 'cmTC_d12c0' failed
make[1]: *** [cmTC_d12c0] Error 1
make[1]: Leaving directory '/home/xunto/Programming/freeminer/km-freeminer/__build/CMakeFiles/CMakeTmp'
Makefile:126: recipe for target 'cmTC_d12c0/fast' failed
make: *** [cmTC_d12c0/fast] Error 2


Performing C++ SOURCE FILE Test MSGPACK_ENABLE_GCC_CXX_ATOMIC failed with the following output:
Change Dir: /home/xunto/Programming/freeminer/km-freeminer/__build/CMakeFiles/CMakeTmp

Run Build Command:"/usr/bin/make" "cmTC_11358/fast"
/usr/bin/make -f CMakeFiles/cmTC_11358.dir/build.make CMakeFiles/cmTC_11358.dir/build
make[1]: Entering directory '/home/xunto/Programming/freeminer/km-freeminer/__build/CMakeFiles/CMakeTmp'
Building CXX object CMakeFiles/cmTC_11358.dir/src.cxx.o
/usr/bin/c++     -DMSGPACK_ENABLE_GCC_CXX_ATOMIC   -o CMakeFiles/cmTC_11358.dir/src.cxx.o -c /home/xunto/Programming/freeminer/km-freeminer/__build/CMakeFiles/CMakeTmp/src.cxx
/home/xunto/Programming/freeminer/km-freeminer/__build/CMakeFiles/CMakeTmp/src.cxx:2:28: fatal error: bits/atomicity.h: No such file or directory
compilation terminated.
CMakeFiles/cmTC_11358.dir/build.make:65: recipe for target 'CMakeFiles/cmTC_11358.dir/src.cxx.o' failed
make[1]: *** [CMakeFiles/cmTC_11358.dir/src.cxx.o] Error 1
make[1]: Leaving directory '/home/xunto/Programming/freeminer/km-freeminer/__build/CMakeFiles/CMakeTmp'
Makefile:126: recipe for target 'cmTC_11358/fast' failed
make: *** [cmTC_11358/fast] Error 2

Source file was:

#include <bits/atomicity.h>
int atomic_sub(int i) { return __gnu_cxx::__exchange_and_add(&i, -1) - 1; }
int atomic_add(int i) { return __gnu_cxx::__exchange_and_add(&i, 1) + 1; }
int main(int argc, char * argv[])
{
    atomic_sub(1);
    atomic_add(1);
}

